---------------------------------------------------------------------------------------------------------------------
| Id  | Operation                   | Name                  | Rows  | Bytes | Cost (%CPU)| Time     | Pstart| Pstop |
---------------------------------------------------------------------------------------------------------------------
|   0 | SELECT STATEMENT            |                       |    34 |   646 |  9711   (2)| 00:00:01 |       |       |
|   1 |  TABLE ACCESS BY INDEX ROWID| DIM_REGIONS           |     1 |    38 |     1   (0)| 00:00:01 |       |       |
|*  2 |   INDEX UNIQUE SCAN         | REGION_ID_PK          |     1 |       |     0   (0)| 00:00:01 |       |       |
|   3 |  TABLE ACCESS BY INDEX ROWID| DIM_SERVICES          |     1 |    37 |     1   (0)| 00:00:01 |       |       |
|*  4 |   INDEX UNIQUE SCAN         | SERVICE_ID_PK         |     1 |       |     0   (0)| 00:00:01 |       |       |
|   5 |  SORT ORDER BY              |                       |    34 |   646 |  9711   (2)| 00:00:01 |       |       |

PLAN_TABLE_OUTPUT                                                                                                                                                                                                                                                                                                                                                                                                                                                                                                                                                                                                                                                                                                                                                                                                                                                                                                                                                                                                                                                                                                                                                                                                                                                                                                                                                                                                                                                                                                                                                                                                                                                                                                                                                                                                                                                                                                                                                                                                                                        
---------------------------------------------------------------------------------------------------------------------------------------------------------------------------------------------------------------------------------------------------------------------------------------------------------------------------------------------------------------------------------------------------------------------------------------------------------------------------------------------------------------------------------------------------------------------------------------------------------------------------------------------------------------------------------------------------------------------------------------------------------------------------------------------------------------------------------------------------------------------------------------------------------------------------------------------------------------------------------------------------------------------------------------------------------------------------------------------------------------------------------------------------------------------------------------------------------------------------------------------------------------------------------------------------------------------------------------------------------------------------------------------------------------------------------------------------------------------------------------------------------------------------------------------------------------------------------------------------------------------------------------------------------------------------------------------------------------------------------------------------------------------------------------------------------------------------------------------------------------------------------------------------------------------------------------------------------------------------------------------------------------------------------------------------------
|   6 |   SORT GROUP BY             |                       |    34 |   646 |  9711   (2)| 00:00:01 |       |       |
|   7 |    GENERATE CUBE            |                       |    34 |   646 |  9711   (2)| 00:00:01 |       |       |
|   8 |     SORT GROUP BY           |                       |    34 |   646 |  9711   (2)| 00:00:01 |       |       |
|   9 |      PARTITION RANGE ALL    |                       |  8677 |   160K|  9695   (2)| 00:00:01 |     1 |     6 |
|* 10 |       TABLE ACCESS FULL     | T_RS_FACT_PAYMENTS_DD |  8677 |   160K|  9695   (2)| 00:00:01 |     1 |     6 |
---------------------------------------------------------------------------------------------------------------------
 
Predicate Information (identified by operation id):
---------------------------------------------------
 
   2 - access("DIM_REGIONS"."REGION_ID"=:B1)

PLAN_TABLE_OUTPUT                                                                                                                                                                                                                                                                                                                                                                                                                                                                                                                                                                                                                                                                                                                                                                                                                                                                                                                                                                                                                                                                                                                                                                                                                                                                                                                                                                                                                                                                                                                                                                                                                                                                                                                                                                                                                                                                                                                                                                                                                                        
---------------------------------------------------------------------------------------------------------------------------------------------------------------------------------------------------------------------------------------------------------------------------------------------------------------------------------------------------------------------------------------------------------------------------------------------------------------------------------------------------------------------------------------------------------------------------------------------------------------------------------------------------------------------------------------------------------------------------------------------------------------------------------------------------------------------------------------------------------------------------------------------------------------------------------------------------------------------------------------------------------------------------------------------------------------------------------------------------------------------------------------------------------------------------------------------------------------------------------------------------------------------------------------------------------------------------------------------------------------------------------------------------------------------------------------------------------------------------------------------------------------------------------------------------------------------------------------------------------------------------------------------------------------------------------------------------------------------------------------------------------------------------------------------------------------------------------------------------------------------------------------------------------------------------------------------------------------------------------------------------------------------------------------------------------
   4 - access("DIM_SERVICES"."SERVICE_ID"=:B1)
  10 - filter(TO_NUMBER(TO_CHAR(INTERNAL_FUNCTION("DATE_ISSUE_DT"),'mm'))>=10 AND 
              TO_NUMBER(TO_CHAR(INTERNAL_FUNCTION("DATE_ISSUE_DT"),'mm'))<=12)

-------------------------------------------------------------------------------------
| Id  | Operation             | Name        | Rows  | Bytes | Cost (%CPU)| Time     |
-------------------------------------------------------------------------------------
|   0 | SELECT STATEMENT      |             |    34 |  2788 | 58715   (1)| 00:00:03 |
|   1 |  SORT ORDER BY        |             |    34 |  2788 | 58715   (1)| 00:00:03 |
|   2 |   SORT GROUP BY       |             |    34 |  2788 | 58715   (1)| 00:00:03 |
|   3 |    GENERATE CUBE      |             |    34 |  2788 | 58715   (1)| 00:00:03 |
|   4 |     SORT GROUP BY     |             |    34 |  2788 | 58715   (1)| 00:00:03 |
|*  5 |      TABLE ACCESS FULL| SA_PAYMENTS | 12000 |   960K| 58712   (1)| 00:00:03 |

PLAN_TABLE_OUTPUT                                                                                                                                                                                                                                                                                                                                                                                                                                                                                                                                                                                                                                                                                                                                                                                                                                                                                                                                                                                                                                                                                                                                                                                                                                                                                                                                                                                                                                                                                                                                                                                                                                                                                                                                                                                                                                                                                                                                                                                                                                        
---------------------------------------------------------------------------------------------------------------------------------------------------------------------------------------------------------------------------------------------------------------------------------------------------------------------------------------------------------------------------------------------------------------------------------------------------------------------------------------------------------------------------------------------------------------------------------------------------------------------------------------------------------------------------------------------------------------------------------------------------------------------------------------------------------------------------------------------------------------------------------------------------------------------------------------------------------------------------------------------------------------------------------------------------------------------------------------------------------------------------------------------------------------------------------------------------------------------------------------------------------------------------------------------------------------------------------------------------------------------------------------------------------------------------------------------------------------------------------------------------------------------------------------------------------------------------------------------------------------------------------------------------------------------------------------------------------------------------------------------------------------------------------------------------------------------------------------------------------------------------------------------------------------------------------------------------------------------------------------------------------------------------------------------------------
-------------------------------------------------------------------------------------
 
Predicate Information (identified by operation id):
---------------------------------------------------
 
   5 - filter(TO_NUMBER(TO_CHAR(INTERNAL_FUNCTION("DATE_ISSUE_DT"),'mm'))>=10
               AND TO_NUMBER(TO_CHAR(INTERNAL_FUNCTION("DATE_ISSUE_DT"),'mm'))<=12)

-------------------------------------------------------------------------------------------
| Id  | Operation                | Name           | Rows  | Bytes | Cost (%CPU)| Time     |
-------------------------------------------------------------------------------------------
|   0 | SELECT STATEMENT         |                |    34 |  2788 | 59936   (1)| 00:00:03 |
|   1 |  SORT ORDER BY           |                |    34 |  2788 | 59936   (1)| 00:00:03 |
|   2 |   HASH UNIQUE            |                |    34 |  2788 | 59936   (1)| 00:00:03 |
|   3 |    SQL MODEL ORDERED     |                |    34 |  2788 | 59936   (1)| 00:00:03 |
|*  4 |     FILTER               |                |       |       |            |          |
|   5 |      SORT GROUP BY ROLLUP|                |    34 |  2788 | 59936   (1)| 00:00:03 |

PLAN_TABLE_OUTPUT                                                                                                                                                                                                                                                                                                                                                                                                                                                                                                                                                                                                                                                                                                                                                                                                                                                                                                                                                                                                                                                                                                                                                                                                                                                                                                                                                                                                                                                                                                                                                                                                                                                                                                                                                                                                                                                                                                                                                                                                                                        
---------------------------------------------------------------------------------------------------------------------------------------------------------------------------------------------------------------------------------------------------------------------------------------------------------------------------------------------------------------------------------------------------------------------------------------------------------------------------------------------------------------------------------------------------------------------------------------------------------------------------------------------------------------------------------------------------------------------------------------------------------------------------------------------------------------------------------------------------------------------------------------------------------------------------------------------------------------------------------------------------------------------------------------------------------------------------------------------------------------------------------------------------------------------------------------------------------------------------------------------------------------------------------------------------------------------------------------------------------------------------------------------------------------------------------------------------------------------------------------------------------------------------------------------------------------------------------------------------------------------------------------------------------------------------------------------------------------------------------------------------------------------------------------------------------------------------------------------------------------------------------------------------------------------------------------------------------------------------------------------------------------------------------------------------------
|*  6 |       TABLE ACCESS FULL  | DW_CL_PAYMENTS | 12000 |   960K| 59933   (1)| 00:00:03 |
|   7 |     HASH GROUP BY        |                |     8 |   272 | 59963   (1)| 00:00:03 |
|   8 |      TABLE ACCESS FULL   | DW_CL_PAYMENTS |  4800K|   155M| 59800   (1)| 00:00:03 |
-------------------------------------------------------------------------------------------
 
Predicate Information (identified by operation id):
---------------------------------------------------
 
   4 - filter("REGION_NAME" IS NOT NULL)
   6 - filter(TO_NUMBER(TO_CHAR(INTERNAL_FUNCTION("DATE_ISSUE_DT"),'mm'))>=10 AND 
              TO_NUMBER(TO_CHAR(INTERNAL_FUNCTION("DATE_ISSUE_DT"),'mm'))<=12)